Arguments: 
  D:\node-js\node.exe C:\Users\13363\AppData\Roaming\npm\node_modules\yarn\bin\yarn.js add cookie-parser

PATH: 
  D:\vote-online\vote_online_server\node_modules\.bin;C:\Windows\system32;C:\Windows;C:\Windows\System32\Wbem;C:\Windows\System32\WindowsPowerShell\v1.0\;C:\Windows\System32\OpenSSH\;D:\java\jdk1.8.0_241\bin;D:\node-js\;C:\ProgramData\chocolatey\bin;D:\git\cmd;D:\android-sdk\platform-tools;D:\android-sdk\emulator;D:\android-sdk\tools;D:\android-sdk\tools\bin;D:\my-sql\bin;C:\Users\13363\AppData\Local\Yarn\bin;C:\Users\13363\AppData\Local\Microsoft\WindowsApps;E:\bandizip\;D:\web-storm_2020.3.2\bin;;D:\microsoft-vs-code\bin;C:\Users\13363\AppData\Roaming\npm;D:\intelliJ-iDEA_2020.3.2\bin;

Yarn version: 
  1.22.10

Node version: 
  14.15.4

Platform: 
  win32 x64

Trace: 
  Error: https://registry.npm.taobao.org/random-bytes/download/random-bytes-1.0.0.tgz: ESOCKETTIMEDOUT
      at ClientRequest.<anonymous> (C:\Users\13363\AppData\Roaming\npm\node_modules\yarn\lib\cli.js:141289:19)
      at Object.onceWrapper (events.js:421:28)
      at ClientRequest.emit (events.js:315:20)
      at TLSSocket.emitRequestTimeout (_http_client.js:784:9)
      at Object.onceWrapper (events.js:421:28)
      at TLSSocket.emit (events.js:327:22)
      at TLSSocket.Socket._onTimeout (net.js:483:8)
      at listOnTimeout (internal/timers.js:554:17)
      at processTimers (internal/timers.js:497:7)

npm manifest: 
  {
    "name": "vote_online_server",
    "version": "1.0.0",
    "description": "在线信息采集与投票系统后端服务接口",
    "main": "index.js",
    "scripts": {
      "test": "echo \"Error: no test specified\" && exit 1"
    },
    "author": "yzuxqz",
    "license": "ISC",
    "dependencies": {
      "blueimp-md5": "^2.18.0",
      "body-parser": "^1.19.0",
      "cookie-parser": "^1.4.5",
      "express": "^4.17.1",
      "express-session": "^1.17.1",
      "formidable": "^1.2.2",
      "js-base64": "^3.6.0",
      "moment": "^2.29.1",
      "mysql": "^2.18.1",
      "request": "^2.88.2"
    }
  }

yarn manifest: 
  No manifest

Lockfile: 
  No lockfile
